-------------------------------------------------------------------------------
Test set: FieldTest
-------------------------------------------------------------------------------
Tests run: 27, Failures: 1, Errors: 0, Skipped: 0, Time elapsed: 0.494 s <<< FAILURE! - in FieldTest
FieldTest.obj_in_obj  Time elapsed: 0.01 s  <<< FAILURE!
org.opentest4j.AssertionFailedError: expected: <false> but was: <true>
	at FieldTest.obj_in_obj(FieldTest.java:18)

